15:37:16.015 [MainThread] INFO    thonny: Thonny version: 4.1.4
15:37:16.017 [MainThread] INFO    thonny: cwd: /home/javid
15:37:16.018 [MainThread] INFO    thonny: original argv: ['/usr/bin/python3', '/usr/bin/thonny']
15:37:16.019 [MainThread] INFO    thonny: sys.executable: /usr/bin/python3
15:37:16.019 [MainThread] INFO    thonny: sys.argv: ['/usr/bin/thonny']
15:37:16.019 [MainThread] INFO    thonny: sys.path: ['/usr/bin', '/usr/lib/python311.zip', '/usr/lib/python3.11', '/usr/lib/python3.11/lib-dynload', '/usr/local/lib/python3.11/dist-packages', '/usr/lib/python3/dist-packages', '/usr/lib/python3.11/dist-packages']
15:37:16.020 [MainThread] INFO    thonny: sys.flags: sys.flags(debug=0, inspect=0, interactive=0, optimize=0, dont_write_bytecode=0, no_user_site=0, no_site=0, ignore_environment=0, verbose=0, bytes_warning=0, quiet=0, hash_randomization=1, isolated=0, dev_mode=False, utf8_mode=1, warn_default_encoding=0, safe_path=False, int_max_str_digits=-1)
15:37:16.677 [MainThread] INFO    thonny.workbench: Starting Workbench
15:37:17.948 [MainThread] INFO    thonny.workbench: Creating runner
15:37:17.985 [MainThread] INFO    thonny.workbench: Start loading plugins
15:37:19.707 [MainThread] INFO    thonny.workbench: Done loading plugins
15:37:23.900 [MainThread] INFO    thonny.workbench: Opening views
15:37:27.735 [MainThread] INFO    thonny.plugins.cpython_frontend.cp_front: Creating LocalCPythonProxy
15:37:28.146 [MainThread] INFO    thonny.running: Starting the backend: ['/usr/bin/python3', '-u', '-B', '/usr/lib/python3/dist-packages/thonny/plugins/cpython_backend/cp_launcher.py', '/home/javid/myenv', "{'run.warn_module_shadowing': True}"] /home/javid/myenv
15:39:01.678 [MainThread] INFO    thonny.ui_utils: Restoring focus to .
15:39:29.192 [MainThread] INFO    thonny.ui_utils: Restoring focus to .
15:46:36.771 [MainThread] WARNING thonny.ui_utils: Zenity returned code 1 and stderr ''
15:46:36.907 [MainThread] INFO    thonny.ui_utils: Restoring focus to .
15:46:48.888 [MainThread] INFO    thonny.ui_utils: Restoring focus to .
15:47:03.756 [MainThread] WARNING thonny.ui_utils: Zenity returned code 1 and stderr ''
15:47:03.757 [MainThread] INFO    thonny.ui_utils: Restoring focus to .
15:51:56.457 [MainThread] INFO    thonny.ui_utils: Restoring focus to .
15:51:56.827 [MainThread] INFO    thonny.editors: Save dialog returned '/home/javid/myenv/gps.py' with typevariable ''
15:58:03.873 [MainThread] WARNING thonny.ui_utils: Zenity returned code 1 and stderr ''
15:58:04.002 [MainThread] INFO    thonny.ui_utils: Restoring focus to .
15:58:04.311 [MainThread] INFO    thonny.editors: Save dialog returned None with typevariable ''
16:06:34.248 [MainThread] INFO    thonny.ui_utils: Restoring focus to .
